<?xml version="1.0" encoding="UTF-8"?>
<coverage generated="1585035432657" clover="3.2.0">
  <project timestamp="1585035432657" name="All files">
    <metrics statements="47" coveredstatements="46" conditionals="20" coveredconditionals="18" methods="9" coveredmethods="9" elements="76" coveredelements="73" complexity="0" loc="47" ncloc="47" packages="2" files="3" classes="3"/>
    <package name="AppError">
      <metrics statements="1" coveredstatements="1" conditionals="0" coveredconditionals="0" methods="0" coveredmethods="0"/>
      <file name="index.js" path="/Users/xbird/www/libs/AppError/index.js">
        <metrics statements="1" coveredstatements="1" conditionals="0" coveredconditionals="0" methods="0" coveredmethods="0"/>
        <line num="7" count="1" type="stmt"/>
      </file>
    </package>
    <package name="AppError.lib">
      <metrics statements="46" coveredstatements="45" conditionals="20" coveredconditionals="18" methods="9" coveredmethods="9"/>
      <file name="AppError.js" path="/Users/xbird/www/libs/AppError/lib/AppError.js">
        <metrics statements="38" coveredstatements="37" conditionals="20" coveredconditionals="18" methods="8" coveredmethods="8"/>
        <line num="7" count="1" type="stmt"/>
        <line num="20" count="22" type="cond" truecount="2" falsecount="0"/>
        <line num="21" count="5" type="stmt"/>
        <line num="24" count="17" type="cond" truecount="2" falsecount="0"/>
        <line num="25" count="3" type="stmt"/>
        <line num="28" count="14" type="stmt"/>
        <line num="30" count="14" type="stmt"/>
        <line num="32" count="14" type="stmt"/>
        <line num="33" count="14" type="stmt"/>
        <line num="34" count="14" type="stmt"/>
        <line num="35" count="14" type="stmt"/>
        <line num="36" count="14" type="stmt"/>
        <line num="37" count="14" type="cond" truecount="2" falsecount="0"/>
        <line num="39" count="14" type="cond" truecount="1" falsecount="1"/>
        <line num="40" count="0" type="stmt"/>
        <line num="51" count="1" type="stmt"/>
        <line num="63" count="1" type="stmt"/>
        <line num="65" count="1" type="stmt"/>
        <line num="77" count="1" type="stmt"/>
        <line num="79" count="1" type="stmt"/>
        <line num="91" count="4" type="stmt"/>
        <line num="93" count="4" type="cond" truecount="2" falsecount="0"/>
        <line num="94" count="3" type="stmt"/>
        <line num="105" count="4" type="stmt"/>
        <line num="106" count="23" type="stmt"/>
        <line num="109" count="4" type="stmt"/>
        <line num="116" count="1" type="cond" truecount="1" falsecount="0"/>
        <line num="117" count="6" type="cond" truecount="2" falsecount="0"/>
        <line num="118" count="3" type="stmt"/>
        <line num="121" count="3" type="stmt"/>
        <line num="122" count="3" type="cond" truecount="2" falsecount="0"/>
        <line num="123" count="3" type="cond" truecount="2" falsecount="0"/>
        <line num="125" count="3" type="stmt"/>
        <line num="127" count="3" type="stmt"/>
        <line num="129" count="3" type="stmt"/>
        <line num="140" count="1" type="stmt"/>
        <line num="141" count="3" type="stmt"/>
        <line num="146" count="1" type="stmt"/>
      </file>
      <file name="makeid.js" path="/Users/xbird/www/libs/AppError/lib/makeid.js">
        <metrics statements="8" coveredstatements="8" conditionals="0" coveredconditionals="0" methods="1" coveredmethods="1"/>
        <line num="10" count="2" type="stmt"/>
        <line num="11" count="2" type="stmt"/>
        <line num="23" count="2" type="stmt"/>
        <line num="24" count="16" type="stmt"/>
        <line num="26" count="16" type="stmt"/>
        <line num="27" count="190" type="stmt"/>
        <line num="29" count="190" type="stmt"/>
        <line num="32" count="16" type="stmt"/>
      </file>
    </package>
  </project>
</coverage>
