{"/Users/xbird/www/libs/AppError/index.js": {"path":"/Users/xbird/www/libs/AppError/index.js","statementMap":{"0":{"start":{"line":7,"column":0},"end":{"line":7,"column":42}}},"fnMap":{},"branchMap":{},"s":{"0":1},"f":{},"b":{},"_coverageSchema":"1a1c01bbd47fc00a2c39e90264f33305004495a9","hash":"7bd1d642c83c3fb6fbf0fe3f7b6cf07bb310c403"}
,"/Users/xbird/www/libs/AppError/lib/AppError.js": {"path":"/Users/xbird/www/libs/AppError/lib/AppError.js","statementMap":{"0":{"start":{"line":7,"column":15},"end":{"line":7,"column":34}},"1":{"start":{"line":20,"column":4},"end":{"line":22,"column":5}},"2":{"start":{"line":21,"column":6},"end":{"line":21,"column":53}},"3":{"start":{"line":24,"column":4},"end":{"line":26,"column":5}},"4":{"start":{"line":25,"column":6},"end":{"line":25,"column":32}},"5":{"start":{"line":28,"column":15},"end":{"line":28,"column":24}},"6":{"start":{"line":30,"column":4},"end":{"line":30,"column":39}},"7":{"start":{"line":32,"column":4},"end":{"line":32,"column":16}},"8":{"start":{"line":33,"column":4},"end":{"line":33,"column":20}},"9":{"start":{"line":34,"column":4},"end":{"line":34,"column":26}},"10":{"start":{"line":35,"column":4},"end":{"line":35,"column":29}},"11":{"start":{"line":36,"column":4},"end":{"line":36,"column":40}},"12":{"start":{"line":37,"column":4},"end":{"line":37,"column":39}},"13":{"start":{"line":39,"column":4},"end":{"line":41,"column":5}},"14":{"start":{"line":40,"column":6},"end":{"line":40,"column":35}},"15":{"start":{"line":51,"column":4},"end":{"line":51,"column":71}},"16":{"start":{"line":63,"column":4},"end":{"line":63,"column":40}},"17":{"start":{"line":65,"column":4},"end":{"line":65,"column":29}},"18":{"start":{"line":77,"column":4},"end":{"line":77,"column":26}},"19":{"start":{"line":79,"column":4},"end":{"line":79,"column":23}},"20":{"start":{"line":91,"column":16},"end":{"line":91,"column":18}},"21":{"start":{"line":93,"column":4},"end":{"line":103,"column":5}},"22":{"start":{"line":94,"column":6},"end":{"line":102,"column":7}},"23":{"start":{"line":105,"column":4},"end":{"line":107,"column":6}},"24":{"start":{"line":106,"column":6},"end":{"line":106,"column":30}},"25":{"start":{"line":109,"column":4},"end":{"line":109,"column":14}},"26":{"start":{"line":116,"column":0},"end":{"line":130,"column":1}},"27":{"start":{"line":117,"column":2},"end":{"line":119,"column":3}},"28":{"start":{"line":118,"column":4},"end":{"line":118,"column":51}},"29":{"start":{"line":121,"column":15},"end":{"line":121,"column":25}},"30":{"start":{"line":122,"column":2},"end":{"line":122,"column":36}},"31":{"start":{"line":123,"column":2},"end":{"line":123,"column":40}},"32":{"start":{"line":125,"column":19},"end":{"line":125,"column":70}},"33":{"start":{"line":127,"column":2},"end":{"line":127,"column":32}},"34":{"start":{"line":129,"column":2},"end":{"line":129,"column":17}},"35":{"start":{"line":140,"column":0},"end":{"line":142,"column":1}},"36":{"start":{"line":141,"column":2},"end":{"line":141,"column":34}},"37":{"start":{"line":146,"column":0},"end":{"line":146,"column":25}}},"fnMap":{"0":{"name":"(anonymous_0)","decl":{"start":{"line":19,"column":2},"end":{"line":19,"column":3}},"loc":{"start":{"line":19,"column":67},"end":{"line":42,"column":3}},"line":19},"1":{"name":"(anonymous_1)","decl":{"start":{"line":50,"column":2},"end":{"line":50,"column":3}},"loc":{"start":{"line":50,"column":14},"end":{"line":52,"column":3}},"line":50},"2":{"name":"(anonymous_2)","decl":{"start":{"line":62,"column":2},"end":{"line":62,"column":3}},"loc":{"start":{"line":62,"column":33},"end":{"line":66,"column":3}},"line":62},"3":{"name":"(anonymous_3)","decl":{"start":{"line":76,"column":2},"end":{"line":76,"column":3}},"loc":{"start":{"line":76,"column":23},"end":{"line":80,"column":3}},"line":76},"4":{"name":"(anonymous_4)","decl":{"start":{"line":90,"column":2},"end":{"line":90,"column":3}},"loc":{"start":{"line":90,"column":17},"end":{"line":110,"column":3}},"line":90},"5":{"name":"(anonymous_5)","decl":{"start":{"line":105,"column":18},"end":{"line":105,"column":19}},"loc":{"start":{"line":105,"column":27},"end":{"line":107,"column":5}},"line":105},"6":{"name":"cast","decl":{"start":{"line":116,"column":25},"end":{"line":116,"column":29}},"loc":{"start":{"line":116,"column":79},"end":{"line":130,"column":1}},"line":116},"7":{"name":"isAppError","decl":{"start":{"line":140,"column":31},"end":{"line":140,"column":41}},"loc":{"start":{"line":140,"column":50},"end":{"line":142,"column":1}},"line":140}},"branchMap":{"0":{"loc":{"start":{"line":19,"column":21},"end":{"line":19,"column":33}},"type":"default-arg","locations":[{"start":{"line":19,"column":31},"end":{"line":19,"column":33}}],"line":19},"1":{"loc":{"start":{"line":19,"column":35},"end":{"line":19,"column":56}},"type":"default-arg","locations":[{"start":{"line":19,"column":51},"end":{"line":19,"column":56}}],"line":19},"2":{"loc":{"start":{"line":20,"column":4},"end":{"line":22,"column":5}},"type":"if","locations":[{"start":{"line":20,"column":4},"end":{"line":22,"column":5}},{"start":{"line":20,"column":4},"end":{"line":22,"column":5}}],"line":20},"3":{"loc":{"start":{"line":24,"column":4},"end":{"line":26,"column":5}},"type":"if","locations":[{"start":{"line":24,"column":4},"end":{"line":26,"column":5}},{"start":{"line":24,"column":4},"end":{"line":26,"column":5}}],"line":24},"4":{"loc":{"start":{"line":37,"column":19},"end":{"line":37,"column":39}},"type":"binary-expr","locations":[{"start":{"line":37,"column":19},"end":{"line":37,"column":26}},{"start":{"line":37,"column":30},"end":{"line":37,"column":39}}],"line":37},"5":{"loc":{"start":{"line":39,"column":4},"end":{"line":41,"column":5}},"type":"if","locations":[{"start":{"line":39,"column":4},"end":{"line":41,"column":5}},{"start":{"line":39,"column":4},"end":{"line":41,"column":5}}],"line":39},"6":{"loc":{"start":{"line":62,"column":11},"end":{"line":62,"column":31}},"type":"default-arg","locations":[{"start":{"line":62,"column":27},"end":{"line":62,"column":31}}],"line":62},"7":{"loc":{"start":{"line":93,"column":4},"end":{"line":103,"column":5}},"type":"if","locations":[{"start":{"line":93,"column":4},"end":{"line":103,"column":5}},{"start":{"line":93,"column":4},"end":{"line":103,"column":5}}],"line":93},"8":{"loc":{"start":{"line":116,"column":47},"end":{"line":116,"column":68}},"type":"default-arg","locations":[{"start":{"line":116,"column":63},"end":{"line":116,"column":68}}],"line":116},"9":{"loc":{"start":{"line":117,"column":2},"end":{"line":119,"column":3}},"type":"if","locations":[{"start":{"line":117,"column":2},"end":{"line":119,"column":3}},{"start":{"line":117,"column":2},"end":{"line":119,"column":3}}],"line":117},"10":{"loc":{"start":{"line":122,"column":12},"end":{"line":122,"column":36}},"type":"binary-expr","locations":[{"start":{"line":122,"column":12},"end":{"line":122,"column":19}},{"start":{"line":122,"column":23},"end":{"line":122,"column":36}}],"line":122},"11":{"loc":{"start":{"line":123,"column":18},"end":{"line":123,"column":40}},"type":"binary-expr","locations":[{"start":{"line":123,"column":18},"end":{"line":123,"column":31}},{"start":{"line":123,"column":35},"end":{"line":123,"column":40}}],"line":123}},"s":{"0":1,"1":22,"2":5,"3":17,"4":3,"5":14,"6":14,"7":14,"8":14,"9":14,"10":14,"11":14,"12":14,"13":14,"14":0,"15":1,"16":1,"17":1,"18":1,"19":1,"20":4,"21":4,"22":3,"23":4,"24":23,"25":4,"26":1,"27":6,"28":3,"29":3,"30":3,"31":3,"32":3,"33":3,"34":3,"35":1,"36":3,"37":1},"f":{"0":22,"1":1,"2":1,"3":1,"4":4,"5":23,"6":6,"7":3},"b":{"0":[8],"1":[17],"2":[5,17],"3":[3,14],"4":[14,14],"5":[0,14],"6":[0],"7":[3,1],"8":[6],"9":[3,3],"10":[3,3],"11":[3,3]},"_coverageSchema":"1a1c01bbd47fc00a2c39e90264f33305004495a9","hash":"bb501d08c2c2511eb455c7b5547e044a5259a048"}
,"/Users/xbird/www/libs/AppError/lib/makeid.js": {"path":"/Users/xbird/www/libs/AppError/lib/makeid.js","statementMap":{"0":{"start":{"line":10,"column":14},"end":{"line":10,"column":32}},"1":{"start":{"line":11,"column":18},"end":{"line":11,"column":30}},"2":{"start":{"line":23,"column":0},"end":{"line":33,"column":1}},"3":{"start":{"line":24,"column":15},"end":{"line":24,"column":17}},"4":{"start":{"line":26,"column":2},"end":{"line":30,"column":3}},"5":{"start":{"line":26,"column":15},"end":{"line":26,"column":16}},"6":{"start":{"line":27,"column":16},"end":{"line":27,"column":53}},"7":{"start":{"line":29,"column":4},"end":{"line":29,"column":31}},"8":{"start":{"line":32,"column":2},"end":{"line":32,"column":15}}},"fnMap":{"0":{"name":"makeid","decl":{"start":{"line":23,"column":26},"end":{"line":23,"column":32}},"loc":{"start":{"line":23,"column":42},"end":{"line":33,"column":1}},"line":23}},"branchMap":{},"s":{"0":2,"1":2,"2":2,"3":16,"4":16,"5":16,"6":190,"7":190,"8":16},"f":{"0":16},"b":{},"_coverageSchema":"1a1c01bbd47fc00a2c39e90264f33305004495a9","hash":"1e53a5ba3b62831c3620d808e32e3bf7d16b8674"}
}
