TN:
SF:index.js
FNF:0
FNH:0
DA:7,1
LF:1
LH:1
BRF:0
BRH:0
end_of_record
TN:
SF:lib/AppError.js
FN:19,(anonymous_0)
FN:50,(anonymous_1)
FN:62,(anonymous_2)
FN:76,(anonymous_3)
FN:90,(anonymous_4)
FN:105,(anonymous_5)
FN:116,cast
FN:140,isAppError
FNF:8
FNH:8
FNDA:22,(anonymous_0)
FNDA:1,(anonymous_1)
FNDA:1,(anonymous_2)
FNDA:1,(anonymous_3)
FNDA:4,(anonymous_4)
FNDA:23,(anonymous_5)
FNDA:6,cast
FNDA:3,isAppError
DA:7,1
DA:20,22
DA:21,5
DA:24,17
DA:25,3
DA:28,14
DA:30,14
DA:32,14
DA:33,14
DA:34,14
DA:35,14
DA:36,14
DA:37,14
DA:39,14
DA:40,0
DA:51,1
DA:63,1
DA:65,1
DA:77,1
DA:79,1
DA:91,4
DA:93,4
DA:94,3
DA:105,4
DA:106,23
DA:109,4
DA:116,1
DA:117,6
DA:118,3
DA:121,3
DA:122,3
DA:123,3
DA:125,3
DA:127,3
DA:129,3
DA:140,1
DA:141,3
DA:146,1
LF:38
LH:37
BRDA:19,0,0,8
BRDA:19,1,0,17
BRDA:20,2,0,5
BRDA:20,2,1,17
BRDA:24,3,0,3
BRDA:24,3,1,14
BRDA:37,4,0,14
BRDA:37,4,1,14
BRDA:39,5,0,0
BRDA:39,5,1,14
BRDA:62,6,0,0
BRDA:93,7,0,3
BRDA:93,7,1,1
BRDA:116,8,0,6
BRDA:117,9,0,3
BRDA:117,9,1,3
BRDA:122,10,0,3
BRDA:122,10,1,3
BRDA:123,11,0,3
BRDA:123,11,1,3
BRF:20
BRH:18
end_of_record
TN:
SF:lib/makeid.js
FN:23,makeid
FNF:1
FNH:1
FNDA:16,makeid
DA:10,2
DA:11,2
DA:23,2
DA:24,16
DA:26,16
DA:27,190
DA:29,190
DA:32,16
LF:8
LH:8
BRF:0
BRH:0
end_of_record
